执行日期：2014-11-23-14:16:21
【接收到的notify通知】:
<xml><appid><![CDATA[wx4b56d1cfaa3a5574]]></appid>
<bank_type><![CDATA[CCB_DEBIT]]></bank_type>
<fee_type><![CDATA[CNY]]></fee_type>
<is_subscribe><![CDATA[Y]]></is_subscribe>
<mch_id><![CDATA[10018826]]></mch_id>
<nonce_str><![CDATA[mem2f6vccnjgc2dqkdvrnbcxpzov34zf]]></nonce_str>
<openid><![CDATA[o4p3SjjPPKv4DrBGEddCE5Y2XHw4]]></openid>
<out_trade_no><![CDATA[2014112334244]]></out_trade_no>
<result_code><![CDATA[SUCCESS]]></result_code>
<return_code><![CDATA[SUCCESS]]></return_code>
<sign><![CDATA[4F139EC8D7BB5FE9D47C203C7DC6F4C0]]></sign>
<sub_mch_id><![CDATA[10018826]]></sub_mch_id>
<time_end><![CDATA[20141123214216]]></time_end>
<total_fee>1</total_fee>
<trade_type><![CDATA[JSAPI]]></trade_type>
<transaction_id><![CDATA[1007150010201411230006150919]]></transaction_id>
</xml>


执行日期：2014-11-23-14:16:21
【支付成功】:
2014112334244


